<?xml version="1.0" encoding="UTF-8"?>
<!-- Generated by org.testng.reporters.JUnitReportReporter -->
<testsuite name="com.qmetry.qaf.automation.step.client.Scenario" tests="1" time="0.000" ignored="0" failures="0" timestamp="08 Jun 2017 07:27:24 GMT" skipped="0" hostname="ICPL11544" errors="0">
  <testcase name="SampleTest" time="0.000" classname="com.qmetry.qaf.automation.step.client.Scenario"/>
</testsuite> <!-- com.qmetry.qaf.automation.step.client.Scenario -->
