<?xml version="1.0" encoding="UTF-8"?>
<!-- Generated by org.testng.reporters.JUnitReportReporter -->
<testsuite name="com.treebo_comp.Step.BookHotel" tests="1" time="0.015" ignored="0" failures="0" timestamp="08 Jun 2017 08:36:42 GMT" skipped="0" hostname="ICPL11544" errors="1">
  <testcase name="scenario1" time="0.015" classname="com.treebo_comp.Step.BookHotel">
    <error type="java.lang.UnsupportedClassVersionError" message="org/openqa/selenium/WebDriverException : Unsupported major.minor version 52.0">
      <![CDATA[java.lang.UnsupportedClassVersionError: org/openqa/selenium/WebDriverException : Unsupported major.minor version 52.0
	at java.lang.ClassLoader.defineClass1(Native Method)
	at java.lang.ClassLoader.defineClass(ClassLoader.java:800)
	at java.security.SecureClassLoader.defineClass(SecureClassLoader.java:142)
	at java.net.URLClassLoader.defineClass(URLClassLoader.java:449)
	at java.net.URLClassLoader.access$100(URLClassLoader.java:71)
	at java.net.URLClassLoader$1.run(URLClassLoader.java:361)
	at java.net.URLClassLoader$1.run(URLClassLoader.java:355)
	at java.security.AccessController.doPrivileged(Native Method)
	at java.net.URLClassLoader.findClass(URLClassLoader.java:354)
	at java.lang.ClassLoader.loadClass(ClassLoader.java:425)
	at sun.misc.Launcher$AppClassLoader.loadClass(Launcher.java:308)
	at java.lang.ClassLoader.loadClass(ClassLoader.java:358)
	at com.qmetry.qaf.automation.core.QAFTestBase.init(QAFTestBase.java:404)
	at com.qmetry.qaf.automation.core.QAFTestBase.getUiDriver(QAFTestBase.java:198)
	at com.qmetry.qaf.automation.ui.WebDriverTestBase.getDriver(WebDriverTestBase.java:47)
	at com.qmetry.qaf.automation.ui.WebDriverTestBase.getDriver(WebDriverTestBase.java:1)
	at com.qmetry.qaf.automation.ui.AbstractTestPage.<init>(AbstractTestPage.java:86)
	at com.qmetry.qaf.automation.ui.AbstractTestPage.<init>(AbstractTestPage.java:93)
	at com.qmetry.qaf.automation.ui.WebDriverBaseTestPage.<init>(WebDriverBaseTestPage.java:62)
	at com.qmetry.qaf.automation.ui.WebDriverBaseTestPage.<init>(WebDriverBaseTestPage.java:58)
	at com.treebo_comp.Page.HomeTestPage.<init>(HomeTestPage.java:10)
	at com.treebo_comp.Step.BookHotel.scenario1(BookHotel.java:13)
	at sun.reflect.NativeMethodAccessorImpl.invoke0(Native Method)
	at sun.reflect.NativeMethodAccessorImpl.invoke(NativeMethodAccessorImpl.java:57)
	at sun.reflect.DelegatingMethodAccessorImpl.invoke(DelegatingMethodAccessorImpl.java:43)
	at java.lang.reflect.Method.invoke(Method.java:606)
	at org.testng.internal.MethodInvocationHelper.invokeMethod(MethodInvocationHelper.java:104)
	at org.testng.internal.Invoker.invokeMethod(Invoker.java:645)
	at org.testng.internal.Invoker.invokeTestMethod(Invoker.java:851)
	at org.testng.internal.Invoker.invokeTestMethods(Invoker.java:1177)
	at org.testng.internal.TestMethodWorker.invokeTestMethods(TestMethodWorker.java:129)
	at org.testng.internal.TestMethodWorker.run(TestMethodWorker.java:112)
	at org.testng.TestRunner.privateRun(TestRunner.java:781)
	at org.testng.TestRunner.run(TestRunner.java:635)
	at org.testng.SuiteRunner.runTest(SuiteRunner.java:387)
	at org.testng.SuiteRunner.runSequentially(SuiteRunner.java:382)
	at org.testng.SuiteRunner.privateRun(SuiteRunner.java:340)
	at org.testng.SuiteRunner.run(SuiteRunner.java:289)
	at org.testng.SuiteRunnerWorker.runSuite(SuiteRunnerWorker.java:52)
	at org.testng.SuiteRunnerWorker.run(SuiteRunnerWorker.java:86)
	at org.testng.TestNG.runSuitesSequentially(TestNG.java:1293)
	at org.testng.TestNG.runSuitesLocally(TestNG.java:1218)
	at org.testng.TestNG.runSuites(TestNG.java:1133)
	at org.testng.TestNG.run(TestNG.java:1104)
	at org.testng.remote.AbstractRemoteTestNG.run(AbstractRemoteTestNG.java:132)
	at org.testng.remote.RemoteTestNG.initAndRun(RemoteTestNG.java:236)
	at org.testng.remote.RemoteTestNG.main(RemoteTestNG.java:81)
]]>
    </error>
  </testcase> <!-- scenario1 -->
</testsuite> <!-- com.treebo_comp.Step.BookHotel -->
